This is pdfTeX, Version 3.1415926-2.3-1.40.12 (MiKTeX 2.9) (preloaded format=pdflatex 2015.9.18)  18 SEP 2015 19:19
entering extended mode
**C:/Users/freya/Desktop/Huihuang_move_to_Qian's_computer/UTexas/UTCourses/Comp
uterVision/homework/A1/seam_carving/tex/file1/file1.tex

(C:/Users/freya/Desktop/Huihuang_move_to_Qian's_computer/UTexas/UTCourses/Compu
terVision/homework/A1/seam_carving/tex/file1/file1.tex
LaTeX2e <2011/06/27>
Babel <v3.8m> and hyphenation patterns for loaded.
(C:\CTEX\MiKTeX\tex\latex\base\article.cls
Document Class: article 2007/10/19 v1.4h Standard LaTeX document class
(C:\CTEX\MiKTeX\tex\latex\base\fleqn.clo
File: fleqn.clo 1998/08/17 v1.1c Standard LaTeX option (flush left equations)
\mathindent=\dimen102
)
(C:\CTEX\MiKTeX\tex\latex\base\size11.clo
File: size11.clo 2007/10/19 v1.4h Standard LaTeX file (size option)
)
\c@part=\count79
\c@section=\count80
\c@subsection=\count81
\c@subsubsection=\count82
\c@paragraph=\count83
\c@subparagraph=\count84
\c@figure=\count85
\c@table=\count86
\abovecaptionskip=\skip41
\belowcaptionskip=\skip42
\bibindent=\dimen103
)
(C:\CTEX\MiKTeX\tex\latex\base\latexsym.sty
Package: latexsym 1998/08/17 v2.2e Standard LaTeX package (lasy symbols)
\symlasy=\mathgroup4
LaTeX Font Info:    Overwriting symbol font `lasy' in version `bold'
(Font)                  U/lasy/m/n --> U/lasy/b/n on input line 47.
)
(C:\CTEX\MiKTeX\tex\latex\graphics\color.sty
Package: color 2005/11/14 v1.0j Standard LaTeX Color (DPC)

(C:\CTEX\MiKTeX\tex\latex\00miktex\color.cfg
File: color.cfg 2007/01/18 v1.5 color configuration of teTeX/TeXLive
)
Package color Info: Driver file: pdftex.def on input line 130.

(C:\CTEX\MiKTeX\tex\latex\pdftex-def\pdftex.def
File: pdftex.def 2011/05/27 v0.06d Graphics/color for pdfTeX

(C:\CTEX\MiKTeX\tex\generic\oberdiek\infwarerr.sty
Package: infwarerr 2010/04/08 v1.3 Providing info/warning/message (HO)
)
(C:\CTEX\MiKTeX\tex\generic\oberdiek\ltxcmds.sty
Package: ltxcmds 2011/04/18 v1.20 LaTeX kernel commands for general use (HO)
)
\Gread@gobject=\count87
))
(C:\CTEX\MiKTeX\tex\latex\graphics\graphicx.sty
Package: graphicx 1999/02/16 v1.0f Enhanced LaTeX Graphics (DPC,SPQR)

(C:\CTEX\MiKTeX\tex\latex\graphics\keyval.sty
Package: keyval 1999/03/16 v1.13 key=value parser (DPC)
\KV@toks@=\toks14
)
(C:\CTEX\MiKTeX\tex\latex\graphics\graphics.sty
Package: graphics 2009/02/05 v1.0o Standard LaTeX Graphics (DPC,SPQR)

(C:\CTEX\MiKTeX\tex\latex\graphics\trig.sty
Package: trig 1999/03/16 v1.09 sin cos tan (DPC)
)
(C:\CTEX\MiKTeX\tex\latex\00miktex\graphics.cfg
File: graphics.cfg 2007/01/18 v1.5 graphics configuration of teTeX/TeXLive
)
Package graphics Info: Driver file: pdftex.def on input line 91.
)
\Gin@req@height=\dimen104
\Gin@req@width=\dimen105
)
(C:\CTEX\MiKTeX\tex\latex\float\float.sty
Package: float 2001/11/08 v1.3d Float enhancements (AL)
\c@float@type=\count88
\float@exts=\toks15
\float@box=\box26
\@float@everytoks=\toks16
\@floatcapt=\box27
)
(C:\CTEX\MiKTeX\tex\latex\amsfonts\amssymb.sty
Package: amssymb 2009/06/22 v3.00

(C:\CTEX\MiKTeX\tex\latex\amsfonts\amsfonts.sty
Package: amsfonts 2009/06/22 v3.00 Basic AMSFonts support
\@emptytoks=\toks17
\symAMSa=\mathgroup5
\symAMSb=\mathgroup6
LaTeX Font Info:    Overwriting math alphabet `\mathfrak' in version `bold'
(Font)                  U/euf/m/n --> U/euf/b/n on input line 96.
))
(C:\CTEX\MiKTeX\tex\latex\ams\math\amsmath.sty
Package: amsmath 2000/07/18 v2.13 AMS math features
\@mathmargin=\skip43

For additional information on amsmath, use the `?' option.
(C:\CTEX\MiKTeX\tex\latex\ams\math\amstext.sty
Package: amstext 2000/06/29 v2.01

(C:\CTEX\MiKTeX\tex\latex\ams\math\amsgen.sty
File: amsgen.sty 1999/11/30 v2.0
\@emptytoks=\toks18
\ex@=\dimen106
))
(C:\CTEX\MiKTeX\tex\latex\ams\math\amsbsy.sty
Package: amsbsy 1999/11/29 v1.2d
\pmbraise@=\dimen107
)
(C:\CTEX\MiKTeX\tex\latex\ams\math\amsopn.sty
Package: amsopn 1999/12/14 v2.01 operator names
)
\inf@bad=\count89
LaTeX Info: Redefining \frac on input line 211.
\uproot@=\count90
\leftroot@=\count91
LaTeX Info: Redefining \overline on input line 307.
\classnum@=\count92
\DOTSCASE@=\count93
LaTeX Info: Redefining \ldots on input line 379.
LaTeX Info: Redefining \dots on input line 382.
LaTeX Info: Redefining \cdots on input line 467.
\Mathstrutbox@=\box28
\strutbox@=\box29
\big@size=\dimen108
LaTeX Font Info:    Redeclaring font encoding OML on input line 567.
LaTeX Font Info:    Redeclaring font encoding OMS on input line 568.
\macc@depth=\count94
\c@MaxMatrixCols=\count95
\dotsspace@=\muskip10
\c@parentequation=\count96
\dspbrk@lvl=\count97
\tag@help=\toks19
\row@=\count98
\column@=\count99
\maxfields@=\count100
\andhelp@=\toks20
\eqnshift@=\dimen109
\alignsep@=\dimen110
\tagshift@=\dimen111
\tagwidth@=\dimen112
\totwidth@=\dimen113
\lineht@=\dimen114
\@envbody=\toks21
\multlinegap=\skip44
\multlinetaggap=\skip45
\mathdisplay@stack=\toks22
LaTeX Info: Redefining \[ on input line 2666.
LaTeX Info: Redefining \] on input line 2667.
)
\c@definition=\count101
\c@lemma=\count102
\c@remark=\count103
\c@proposition=\count104
\c@corollary=\count105
\c@exam=\count106
\c@theo=\count107

(C:\Users\freya\Desktop\Huihuang_move_to_Qian's_computer\UTexas\UTCourses\Compu
terVision\homework\A1\seam_carving\tex\file1\file1.aux)
LaTeX Font Info:    Checking defaults for OML/cmm/m/it on input line 51.
LaTeX Font Info:    ... okay on input line 51.
LaTeX Font Info:    Checking defaults for T1/cmr/m/n on input line 51.
LaTeX Font Info:    ... okay on input line 51.
LaTeX Font Info:    Checking defaults for OT1/cmr/m/n on input line 51.
LaTeX Font Info:    ... okay on input line 51.
LaTeX Font Info:    Checking defaults for OMS/cmsy/m/n on input line 51.
LaTeX Font Info:    ... okay on input line 51.
LaTeX Font Info:    Checking defaults for OMX/cmex/m/n on input line 51.
LaTeX Font Info:    ... okay on input line 51.
LaTeX Font Info:    Checking defaults for U/cmr/m/n on input line 51.
LaTeX Font Info:    ... okay on input line 51.

(C:\CTEX\MiKTeX\tex\context\base\supp-pdf.mkii
[Loading MPS to PDF converter (version 2006.09.02).]
\scratchcounter=\count108
\scratchdimen=\dimen115
\scratchbox=\box30
\nofMPsegments=\count109
\nofMParguments=\count110
\everyMPshowfont=\toks23
\MPscratchCnt=\count111
\MPscratchDim=\dimen116
\MPnumerator=\count112
\makeMPintoPDFobject=\count113
\everyMPtoPDFconversion=\toks24
)
LaTeX Font Info:    Try loading font information for U+lasy on input line 69.
 (C:\CTEX\MiKTeX\tex\latex\base\ulasy.fd
File: ulasy.fd 1998/08/17 v2.2e LaTeX symbol font definitions
)
LaTeX Font Info:    Try loading font information for U+msa on input line 69.

(C:\CTEX\MiKTeX\tex\latex\amsfonts\umsa.fd
File: umsa.fd 2009/06/22 v3.00 AMS symbols A
)
LaTeX Font Info:    Try loading font information for U+msb on input line 69.

(C:\CTEX\MiKTeX\tex\latex\amsfonts\umsb.fd
File: umsb.fd 2009/06/22 v3.00 AMS symbols B
) [1

{C:/CTEX/UserData/pdftex/config/pdftex.map{Unicode.sfd}{UGBK.sfd}}]
Underfull \hbox (badness 10000) in paragraph at lines 105--111

 []


Underfull \hbox (badness 10000) in paragraph at lines 105--111

 []


<../../output_images/2.1/im1_rh_100_original.jpg, id=16, 602.25pt x 451.6875pt>
File: ../../output_images/2.1/im1_rh_100_original.jpg Graphic file (type jpg)
<use ../../output_images/2.1/im1_rh_100_original.jpg>
Package pdftex.def Info: ../../output_images/2.1/im1_rh_100_original.jpg used o
n input line 116.
(pdftex.def)             Requested size: 180.67639pt x 135.5073pt.

<../../output_images/2.1/im1_rh_100_seams.jpg, id=17, 602.25pt x 451.6875pt>
File: ../../output_images/2.1/im1_rh_100_seams.jpg Graphic file (type jpg)

<use ../../output_images/2.1/im1_rh_100_seams.jpg>
Package pdftex.def Info: ../../output_images/2.1/im1_rh_100_seams.jpg used on i
nput line 117.
(pdftex.def)             Requested size: 180.67639pt x 135.5073pt.

<../../output_images/2.1/im1_rh_100_resize.jpg, id=18, 602.25pt x 351.3125pt>
File: ../../output_images/2.1/im1_rh_100_resize.jpg Graphic file (type jpg)

<use ../../output_images/2.1/im1_rh_100_resize.jpg>
Package pdftex.def Info: ../../output_images/2.1/im1_rh_100_resize.jpg used on 
input line 118.
(pdftex.def)             Requested size: 180.67639pt x 105.39455pt.

<../../output_images/2.1/im1_rh_100_seam_reduce.jpg, id=19, 602.25pt x 351.3125
pt>
File: ../../output_images/2.1/im1_rh_100_seam_reduce.jpg Graphic file (type jpg
)
 <use ../../output_images/2.1/im1_rh_100_seam_reduce.jpg>
Package pdftex.def Info: ../../output_images/2.1/im1_rh_100_seam_reduce.jpg use
d on input line 119.
(pdftex.def)             Requested size: 180.67639pt x 105.39455pt.
 [2]
Underfull \hbox (badness 10000) in paragraph at lines 121--125

 []


Underfull \hbox (badness 10000) in paragraph at lines 126--127

 []


<../../output_images/2.1/im2_rw_100_original.jpg, id=24, 555.07375pt x 370.3837
4pt>
File: ../../output_images/2.1/im2_rw_100_original.jpg Graphic file (type jpg)
 <use ../../output_images/2.1/im2_rw_100_original.jpg>
Package pdftex.def Info: ../../output_images/2.1/im2_rw_100_original.jpg used o
n input line 131.
(pdftex.def)             Requested size: 166.52339pt x 111.11597pt.

<../../output_images/2.1/im2_rw_100_seams.jpg, id=25, 555.07375pt x 370.38374pt
>
File: ../../output_images/2.1/im2_rw_100_seams.jpg Graphic file (type jpg)
 <use ../../output_images/2.1/im2_rw_100_seams.jpg>
Package pdftex.def Info: ../../output_images/2.1/im2_rw_100_seams.jpg used on i
nput line 132.
(pdftex.def)             Requested size: 166.52339pt x 111.11597pt.

<../../output_images/2.1/im2_rw_100_resize.jpg, id=26, 454.69875pt x 370.38374p
t>
File: ../../output_images/2.1/im2_rw_100_resize.jpg Graphic file (type jpg)
 <use ../../output_images/2.1/im2_rw_100_resize.jpg>
Package pdftex.def Info: ../../output_images/2.1/im2_rw_100_resize.jpg used on 
input line 133.
(pdftex.def)             Requested size: 136.41068pt x 111.11597pt.

<../../output_images/2.1/im2_rw_100_seam_reduce.jpg, id=27, 454.69875pt x 370.3
8374pt>
File: ../../output_images/2.1/im2_rw_100_seam_reduce.jpg Graphic file (type jpg
)
 <use ../../output_images/2.1/im2_rw_100_seam_reduce.jpg>
Package pdftex.def Info: ../../output_images/2.1/im2_rw_100_seam_reduce.jpg use
d on input line 134.
(pdftex.def)             Requested size: 136.41068pt x 111.11597pt.
 [3 <C:/Users/freya/Desktop/Huihuang_move_to_Qian's_computer/UTexas/UTCourses/C
omputerVision/homework/A1/seam_carving/output_images/2.1/im1_rh_100_original.jp
g> <C:/Users/freya/Desktop/Huihuang_move_to_Qian's_computer/UTexas/UTCourses/Co
mputerVision/homework/A1/seam_carving/output_images/2.1/im1_rh_100_seams.jpg> <
C:/Users/freya/Desktop/Huihuang_move_to_Qian's_computer/UTexas/UTCourses/Comput
erVision/homework/A1/seam_carving/output_images/2.1/im1_rh_100_resize.jpg> <C:/
Users/freya/Desktop/Huihuang_move_to_Qian's_computer/UTexas/UTCourses/ComputerV
ision/homework/A1/seam_carving/output_images/2.1/im1_rh_100_seam_reduce.jpg>]
Underfull \hbox (badness 10000) in paragraph at lines 136--140

 []

<../../output_images/2.2/im1_energyMap.jpg, id=31, 563.10374pt x 421.575pt>
File: ../../output_images/2.2/im1_energyMap.jpg Graphic file (type jpg)

<use ../../output_images/2.2/im1_energyMap.jpg>
Package pdftex.def Info: ../../output_images/2.2/im1_energyMap.jpg used on inpu
t line 144.
(pdftex.def)             Requested size: 168.93242pt x 126.47346pt.

<../../output_images/2.2/im1_CEM_H.jpg, id=32, 563.10374pt x 421.575pt>
File: ../../output_images/2.2/im1_CEM_H.jpg Graphic file (type jpg)

<use ../../output_images/2.2/im1_CEM_H.jpg>
Package pdftex.def Info: ../../output_images/2.2/im1_CEM_H.jpg used on input li
ne 145.
(pdftex.def)             Requested size: 168.93242pt x 126.47346pt.

<../../output_images/2.2/im1_CEM_W.jpg, id=33, 563.10374pt x 421.575pt>
File: ../../output_images/2.2/im1_CEM_W.jpg Graphic file (type jpg)

<use ../../output_images/2.2/im1_CEM_W.jpg>
Package pdftex.def Info: ../../output_images/2.2/im1_CEM_W.jpg used on input li
ne 146.
(pdftex.def)             Requested size: 168.93242pt x 126.47346pt.
 [4 <C:/Users/freya/Desktop/Huihuang_move_to_Qian's_computer/UTexas/UTCourses/C
omputerVision/homework/A1/seam_carving/output_images/2.1/im2_rw_100_original.jp
g> <C:/Users/freya/Desktop/Huihuang_move_to_Qian's_computer/UTexas/UTCourses/Co
mputerVision/homework/A1/seam_carving/output_images/2.1/im2_rw_100_seams.jpg> <
C:/Users/freya/Desktop/Huihuang_move_to_Qian's_computer/UTexas/UTCourses/Comput
erVision/homework/A1/seam_carving/output_images/2.1/im2_rw_100_resize.jpg> <C:/
Users/freya/Desktop/Huihuang_move_to_Qian's_computer/UTexas/UTCourses/ComputerV
ision/homework/A1/seam_carving/output_images/2.1/im2_rw_100_seam_reduce.jpg>]
Underfull \hbox (badness 10000) in paragraph at lines 148--151

 []

<../../output_images/2.3/im1_first_HV_seam.jpg, id=37, 602.25pt x 451.6875pt>
File: ../../output_images/2.3/im1_first_HV_seam.jpg Graphic file (type jpg)

<use ../../output_images/2.3/im1_first_HV_seam.jpg>
Package pdftex.def Info: ../../output_images/2.3/im1_first_HV_seam.jpg used on 
input line 155.
(pdftex.def)             Requested size: 180.67639pt x 135.5073pt.

<../../output_images/2.4/im2_rw_diff_energy_1.jpg, id=38, 454.69875pt x 370.383
74pt>
File: ../../output_images/2.4/im2_rw_diff_energy_1.jpg Graphic file (type jpg)
 <use ../../output_images/2.4/im2_rw_diff_energy_1.jpg>
Package pdftex.def Info: ../../output_images/2.4/im2_rw_diff_energy_1.jpg used 
on input line 160.
(pdftex.def)             Requested size: 136.41068pt x 111.11597pt.

<../../output_images/2.4/im2_rw_diff_energy_2.jpg, id=39, 454.69875pt x 370.383
74pt>
File: ../../output_images/2.4/im2_rw_diff_energy_2.jpg Graphic file (type jpg)
 <use ../../output_images/2.4/im2_rw_diff_energy_2.jpg>
Package pdftex.def Info: ../../output_images/2.4/im2_rw_diff_energy_2.jpg used 
on input line 161.
(pdftex.def)             Requested size: 136.41068pt x 111.11597pt.
 [5 <C:/Users/freya/Desktop/Huihuang_move_to_Qian's_computer/UTexas/UTCourses/C
omputerVision/homework/A1/seam_carving/output_images/2.2/im1_energyMap.jpg> <C:
/Users/freya/Desktop/Huihuang_move_to_Qian's_computer/UTexas/UTCourses/Computer
Vision/homework/A1/seam_carving/output_images/2.2/im1_CEM_H.jpg> <C:/Users/frey
a/Desktop/Huihuang_move_to_Qian's_computer/UTexas/UTCourses/ComputerVision/home
work/A1/seam_carving/output_images/2.2/im1_CEM_W.jpg> <C:/Users/freya/Desktop/H
uihuang_move_to_Qian's_computer/UTexas/UTCourses/ComputerVision/homework/A1/sea
m_carving/output_images/2.3/im1_first_HV_seam.jpg>]
Underfull \hbox (badness 10000) in paragraph at lines 163--165

 []

[6 <C:/Users/freya/Desktop/Huihuang_move_to_Qian's_computer/UTexas/UTCourses/Co
mputerVision/homework/A1/seam_carving/output_images/2.4/im2_rw_diff_energy_1.jp
g> <C:/Users/freya/Desktop/Huihuang_move_to_Qian's_computer/UTexas/UTCourses/Co
mputerVision/homework/A1/seam_carving/output_images/2.4/im2_rw_diff_energy_2.jp
g>]
(C:\Users\freya\Desktop\Huihuang_move_to_Qian's_computer\UTexas\UTCourses\Compu
terVision\homework\A1\seam_carving\tex\file1\file1.aux) ) 
Here is how much of TeX's memory you used:
 2254 strings out of 495354
 29888 string characters out of 3183859
 83857 words of memory out of 3000000
 5389 multiletter control sequences out of 15000+200000
 11076 words of font info for 43 fonts, out of 3000000 for 9000
 14 hyphenation exceptions out of 8191
 27i,8n,24p,844b,264s stack positions out of 5000i,500n,10000p,200000b,50000s
<C:/CTEX/MiKTeX/fonts/
type1/public/amsfonts/cm/cmbx10.pfb><C:/CTEX/MiKTeX/fonts/type1/public/amsfonts
/cm/cmbx12.pfb><C:/CTEX/MiKTeX/fonts/type1/public/amsfonts/cm/cmex10.pfb><C:/CT
EX/MiKTeX/fonts/type1/public/amsfonts/cm/cmmi10.pfb><C:/CTEX/MiKTeX/fonts/type1
/public/amsfonts/cm/cmmi8.pfb><C:/CTEX/MiKTeX/fonts/type1/public/amsfonts/cm/cm
r10.pfb><C:/CTEX/MiKTeX/fonts/type1/public/amsfonts/cm/cmr6.pfb><C:/CTEX/MiKTeX
/fonts/type1/public/amsfonts/cm/cmr8.pfb><C:/CTEX/MiKTeX/fonts/type1/public/ams
fonts/cm/cmsy10.pfb><C:/CTEX/MiKTeX/fonts/type1/public/amsfonts/cm/cmsy8.pfb><C
:/CTEX/MiKTeX/fonts/type1/public/amsfonts/cm/cmti10.pfb><C:/CTEX/MiKTeX/fonts/t
ype1/public/amsfonts/symbols/msbm10.pfb>
Output written on file1.pdf (6 pages, 793358 bytes).
PDF statistics:
 83 PDF objects out of 1000 (max. 8388607)
 0 named destinations out of 1000 (max. 500000)
 71 words of extra memory for PDF output out of 10000 (max. 10000000)

