This is pdfTeX, Version 3.1415926-2.3-1.40.12 (MiKTeX 2.9) (preloaded format=pdflatex 2015.9.18)  18 SEP 2015 19:07
entering extended mode
**C:/Users/freya/Desktop/Huihuang_move_to_Qian's_computer/UTexas/UTCourses/Comp
uterVision/homework/A1/seam_carving/tex/file2/file2.tex

(C:/Users/freya/Desktop/Huihuang_move_to_Qian's_computer/UTexas/UTCourses/Compu
terVision/homework/A1/seam_carving/tex/file2/file2.tex
LaTeX2e <2011/06/27>
Babel <v3.8m> and hyphenation patterns for loaded.
(C:\CTEX\MiKTeX\tex\latex\base\article.cls
Document Class: article 2007/10/19 v1.4h Standard LaTeX document class
(C:\CTEX\MiKTeX\tex\latex\base\fleqn.clo
File: fleqn.clo 1998/08/17 v1.1c Standard LaTeX option (flush left equations)
\mathindent=\dimen102
)
(C:\CTEX\MiKTeX\tex\latex\base\size11.clo
File: size11.clo 2007/10/19 v1.4h Standard LaTeX file (size option)
)
\c@part=\count79
\c@section=\count80
\c@subsection=\count81
\c@subsubsection=\count82
\c@paragraph=\count83
\c@subparagraph=\count84
\c@figure=\count85
\c@table=\count86
\abovecaptionskip=\skip41
\belowcaptionskip=\skip42
\bibindent=\dimen103
)
(C:\CTEX\MiKTeX\tex\latex\base\latexsym.sty
Package: latexsym 1998/08/17 v2.2e Standard LaTeX package (lasy symbols)
\symlasy=\mathgroup4
LaTeX Font Info:    Overwriting symbol font `lasy' in version `bold'
(Font)                  U/lasy/m/n --> U/lasy/b/n on input line 47.
)
(C:\CTEX\MiKTeX\tex\latex\graphics\color.sty
Package: color 2005/11/14 v1.0j Standard LaTeX Color (DPC)

(C:\CTEX\MiKTeX\tex\latex\00miktex\color.cfg
File: color.cfg 2007/01/18 v1.5 color configuration of teTeX/TeXLive
)
Package color Info: Driver file: pdftex.def on input line 130.

(C:\CTEX\MiKTeX\tex\latex\pdftex-def\pdftex.def
File: pdftex.def 2011/05/27 v0.06d Graphics/color for pdfTeX

(C:\CTEX\MiKTeX\tex\generic\oberdiek\infwarerr.sty
Package: infwarerr 2010/04/08 v1.3 Providing info/warning/message (HO)
)
(C:\CTEX\MiKTeX\tex\generic\oberdiek\ltxcmds.sty
Package: ltxcmds 2011/04/18 v1.20 LaTeX kernel commands for general use (HO)
)
\Gread@gobject=\count87
))
(C:\CTEX\MiKTeX\tex\latex\graphics\graphicx.sty
Package: graphicx 1999/02/16 v1.0f Enhanced LaTeX Graphics (DPC,SPQR)

(C:\CTEX\MiKTeX\tex\latex\graphics\keyval.sty
Package: keyval 1999/03/16 v1.13 key=value parser (DPC)
\KV@toks@=\toks14
)
(C:\CTEX\MiKTeX\tex\latex\graphics\graphics.sty
Package: graphics 2009/02/05 v1.0o Standard LaTeX Graphics (DPC,SPQR)

(C:\CTEX\MiKTeX\tex\latex\graphics\trig.sty
Package: trig 1999/03/16 v1.09 sin cos tan (DPC)
)
(C:\CTEX\MiKTeX\tex\latex\00miktex\graphics.cfg
File: graphics.cfg 2007/01/18 v1.5 graphics configuration of teTeX/TeXLive
)
Package graphics Info: Driver file: pdftex.def on input line 91.
)
\Gin@req@height=\dimen104
\Gin@req@width=\dimen105
)
(C:\CTEX\MiKTeX\tex\latex\float\float.sty
Package: float 2001/11/08 v1.3d Float enhancements (AL)
\c@float@type=\count88
\float@exts=\toks15
\float@box=\box26
\@float@everytoks=\toks16
\@floatcapt=\box27
)
(C:\CTEX\MiKTeX\tex\latex\amsfonts\amssymb.sty
Package: amssymb 2009/06/22 v3.00

(C:\CTEX\MiKTeX\tex\latex\amsfonts\amsfonts.sty
Package: amsfonts 2009/06/22 v3.00 Basic AMSFonts support
\@emptytoks=\toks17
\symAMSa=\mathgroup5
\symAMSb=\mathgroup6
LaTeX Font Info:    Overwriting math alphabet `\mathfrak' in version `bold'
(Font)                  U/euf/m/n --> U/euf/b/n on input line 96.
))
(C:\CTEX\MiKTeX\tex\latex\ams\math\amsmath.sty
Package: amsmath 2000/07/18 v2.13 AMS math features
\@mathmargin=\skip43

For additional information on amsmath, use the `?' option.
(C:\CTEX\MiKTeX\tex\latex\ams\math\amstext.sty
Package: amstext 2000/06/29 v2.01

(C:\CTEX\MiKTeX\tex\latex\ams\math\amsgen.sty
File: amsgen.sty 1999/11/30 v2.0
\@emptytoks=\toks18
\ex@=\dimen106
))
(C:\CTEX\MiKTeX\tex\latex\ams\math\amsbsy.sty
Package: amsbsy 1999/11/29 v1.2d
\pmbraise@=\dimen107
)
(C:\CTEX\MiKTeX\tex\latex\ams\math\amsopn.sty
Package: amsopn 1999/12/14 v2.01 operator names
)
\inf@bad=\count89
LaTeX Info: Redefining \frac on input line 211.
\uproot@=\count90
\leftroot@=\count91
LaTeX Info: Redefining \overline on input line 307.
\classnum@=\count92
\DOTSCASE@=\count93
LaTeX Info: Redefining \ldots on input line 379.
LaTeX Info: Redefining \dots on input line 382.
LaTeX Info: Redefining \cdots on input line 467.
\Mathstrutbox@=\box28
\strutbox@=\box29
\big@size=\dimen108
LaTeX Font Info:    Redeclaring font encoding OML on input line 567.
LaTeX Font Info:    Redeclaring font encoding OMS on input line 568.
\macc@depth=\count94
\c@MaxMatrixCols=\count95
\dotsspace@=\muskip10
\c@parentequation=\count96
\dspbrk@lvl=\count97
\tag@help=\toks19
\row@=\count98
\column@=\count99
\maxfields@=\count100
\andhelp@=\toks20
\eqnshift@=\dimen109
\alignsep@=\dimen110
\tagshift@=\dimen111
\tagwidth@=\dimen112
\totwidth@=\dimen113
\lineht@=\dimen114
\@envbody=\toks21
\multlinegap=\skip44
\multlinetaggap=\skip45
\mathdisplay@stack=\toks22
LaTeX Info: Redefining \[ on input line 2666.
LaTeX Info: Redefining \] on input line 2667.
)
\c@definition=\count101
\c@lemma=\count102
\c@remark=\count103
\c@proposition=\count104
\c@corollary=\count105
\c@exam=\count106
\c@theo=\count107

(C:\Users\freya\Desktop\Huihuang_move_to_Qian's_computer\UTexas\UTCourses\Compu
terVision\homework\A1\seam_carving\tex\file2\file2.aux)
LaTeX Font Info:    Checking defaults for OML/cmm/m/it on input line 51.
LaTeX Font Info:    ... okay on input line 51.
LaTeX Font Info:    Checking defaults for T1/cmr/m/n on input line 51.
LaTeX Font Info:    ... okay on input line 51.
LaTeX Font Info:    Checking defaults for OT1/cmr/m/n on input line 51.
LaTeX Font Info:    ... okay on input line 51.
LaTeX Font Info:    Checking defaults for OMS/cmsy/m/n on input line 51.
LaTeX Font Info:    ... okay on input line 51.
LaTeX Font Info:    Checking defaults for OMX/cmex/m/n on input line 51.
LaTeX Font Info:    ... okay on input line 51.
LaTeX Font Info:    Checking defaults for U/cmr/m/n on input line 51.
LaTeX Font Info:    ... okay on input line 51.

(C:\CTEX\MiKTeX\tex\context\base\supp-pdf.mkii
[Loading MPS to PDF converter (version 2006.09.02).]
\scratchcounter=\count108
\scratchdimen=\dimen115
\scratchbox=\box30
\nofMPsegments=\count109
\nofMParguments=\count110
\everyMPshowfont=\toks23
\MPscratchCnt=\count111
\MPscratchDim=\dimen116
\MPnumerator=\count112
\makeMPintoPDFobject=\count113
\everyMPtoPDFconversion=\toks24
)
<../../output_images/2.5/im1_rh_50_original.jpg, id=1, 602.25pt x 451.6875pt>
File: ../../output_images/2.5/im1_rh_50_original.jpg Graphic file (type jpg)

<use ../../output_images/2.5/im1_rh_50_original.jpg>
Package pdftex.def Info: ../../output_images/2.5/im1_rh_50_original.jpg used on
 input line 76.
(pdftex.def)             Requested size: 240.89572pt x 180.67178pt.

<../../output_images/2.5/im1_rh_50_seams.jpg, id=2, 602.25pt x 451.6875pt>
File: ../../output_images/2.5/im1_rh_50_seams.jpg Graphic file (type jpg)

<use ../../output_images/2.5/im1_rh_50_seams.jpg>
Package pdftex.def Info: ../../output_images/2.5/im1_rh_50_seams.jpg used on in
put line 79.
(pdftex.def)             Requested size: 240.89572pt x 180.67178pt.
 [1

{C:/CTEX/UserData/pdftex/config/pdftex.map{Unicode.sfd}{UGBK.sfd}} <C:/Users/fr
eya/Desktop/Huihuang_move_to_Qian's_computer/UTexas/UTCourses/ComputerVision/ho
mework/A1/seam_carving/output_images/2.5/im1_rh_50_original.jpg>]
<../../output_images/2.5/im1_rh_50_resize.jpg, id=10, 602.25pt x 401.5pt>
File: ../../output_images/2.5/im1_rh_50_resize.jpg Graphic file (type jpg)

<use ../../output_images/2.5/im1_rh_50_resize.jpg>
Package pdftex.def Info: ../../output_images/2.5/im1_rh_50_resize.jpg used on i
nput line 82.
(pdftex.def)             Requested size: 240.89572pt x 160.59715pt.

<../../output_images/2.5/im1_rh_50_seam_reduce.jpg, id=11, 602.25pt x 401.5pt>
File: ../../output_images/2.5/im1_rh_50_seam_reduce.jpg Graphic file (type jpg)


<use ../../output_images/2.5/im1_rh_50_seam_reduce.jpg>
Package pdftex.def Info: ../../output_images/2.5/im1_rh_50_seam_reduce.jpg used
 on input line 85.
(pdftex.def)             Requested size: 240.89572pt x 160.59715pt.

<../../output_images/2.5/im2_rh_50_original.jpg, id=12, 555.07375pt x 370.38374
pt>
File: ../../output_images/2.5/im2_rh_50_original.jpg Graphic file (type jpg)
 <use ../../output_images/2.5/im2_rh_50_original.jpg>
Package pdftex.def Info: ../../output_images/2.5/im2_rh_50_original.jpg used on
 input line 90.
(pdftex.def)             Requested size: 333.0468pt x 222.23195pt.

<../../output_images/2.5/im2_rh_50_seams.jpg, id=13, 555.07375pt x 370.38374pt>
File: ../../output_images/2.5/im2_rh_50_seams.jpg Graphic file (type jpg)
<use ../../output_images/2.5/im2_rh_50_seams.jpg>
Package pdftex.def Info: ../../output_images/2.5/im2_rh_50_seams.jpg used on in
put line 91.
(pdftex.def)             Requested size: 333.0468pt x 222.23195pt.

<../../output_images/2.5/im2_rh_50_resize.jpg, id=14, 555.07375pt x 320.19624pt
>
File: ../../output_images/2.5/im2_rh_50_resize.jpg Graphic file (type jpg)
 <use ../../output_images/2.5/im2_rh_50_resize.jpg>
Package pdftex.def Info: ../../output_images/2.5/im2_rh_50_resize.jpg used on i
nput line 92.
(pdftex.def)             Requested size: 333.0468pt x 192.11922pt.

<../../output_images/2.5/im2_rh_50_seam_reduce.jpg, id=15, 555.07375pt x 320.19
624pt>
File: ../../output_images/2.5/im2_rh_50_seam_reduce.jpg Graphic file (type jpg)

 <use ../../output_images/2.5/im2_rh_50_seam_reduce.jpg>
Package pdftex.def Info: ../../output_images/2.5/im2_rh_50_seam_reduce.jpg used
 on input line 93.
(pdftex.def)             Requested size: 333.0468pt x 192.11922pt.
 [2 <C:/Users/freya/Desktop/Huihuang_move_to_Qian's_computer/UTexas/UTCourses/C
omputerVision/homework/A1/seam_carving/output_images/2.5/im1_rh_50_seams.jpg> <
C:/Users/freya/Desktop/Huihuang_move_to_Qian's_computer/UTexas/UTCourses/Comput
erVision/homework/A1/seam_carving/output_images/2.5/im1_rh_50_resize.jpg> <C:/U
sers/freya/Desktop/Huihuang_move_to_Qian's_computer/UTexas/UTCourses/ComputerVi
sion/homework/A1/seam_carving/output_images/2.5/im1_rh_50_seam_reduce.jpg>] [3 
<C:/Users/freya/Desktop/Huihuang_move_to_Qian's_computer/UTexas/UTCourses/Compu
terVision/homework/A1/seam_carving/output_images/2.5/im2_rh_50_original.jpg> <C
:/Users/freya/Desktop/Huihuang_move_to_Qian's_computer/UTexas/UTCourses/Compute
rVision/homework/A1/seam_carving/output_images/2.5/im2_rh_50_seams.jpg> <C:/Use
rs/freya/Desktop/Huihuang_move_to_Qian's_computer/UTexas/UTCourses/ComputerVisi
on/homework/A1/seam_carving/output_images/2.5/im2_rh_50_resize.jpg>]
<../../output_images/2.5/im3_rw_200_original.jpg, id=22, 943.525pt x 351.3125pt
>
File: ../../output_images/2.5/im3_rw_200_original.jpg Graphic file (type jpg)
 <use ../../output_images/2.5/im3_rw_200_original.jpg>
Package pdftex.def Info: ../../output_images/2.5/im3_rw_200_original.jpg used o
n input line 98.
(pdftex.def)             Requested size: 377.4033pt x 140.5225pt.

<../../output_images/2.5/im3_rw_200_seams.jpg, id=23, 943.525pt x 351.3125pt>
File: ../../output_images/2.5/im3_rw_200_seams.jpg Graphic file (type jpg)

<use ../../output_images/2.5/im3_rw_200_seams.jpg>
Package pdftex.def Info: ../../output_images/2.5/im3_rw_200_seams.jpg used on i
nput line 99.
(pdftex.def)             Requested size: 377.4033pt x 140.5225pt.

<../../output_images/2.5/im3_rw_200_resize.jpg, id=24, 742.775pt x 351.3125pt>
File: ../../output_images/2.5/im3_rw_200_resize.jpg Graphic file (type jpg)

<use ../../output_images/2.5/im3_rw_200_resize.jpg>
Package pdftex.def Info: ../../output_images/2.5/im3_rw_200_resize.jpg used on 
input line 100.
(pdftex.def)             Requested size: 297.10474pt x 140.5225pt.

<../../output_images/2.5/im3_rw_200_seam_reduce.jpg, id=25, 742.775pt x 351.312
5pt>
File: ../../output_images/2.5/im3_rw_200_seam_reduce.jpg Graphic file (type jpg
)
 <use ../../output_images/2.5/im3_rw_200_seam_reduce.jpg>
Package pdftex.def Info: ../../output_images/2.5/im3_rw_200_seam_reduce.jpg use
d on input line 101.
(pdftex.def)             Requested size: 297.10474pt x 140.5225pt.
 [4 <C:/Users/freya/Desktop/Huihuang_move_to_Qian's_computer/UTexas/UTCourses/C
omputerVision/homework/A1/seam_carving/output_images/2.5/im2_rh_50_seam_reduce.
jpg> <C:/Users/freya/Desktop/Huihuang_move_to_Qian's_computer/UTexas/UTCourses/
ComputerVision/homework/A1/seam_carving/output_images/2.5/im3_rw_200_original.j
pg> <C:/Users/freya/Desktop/Huihuang_move_to_Qian's_computer/UTexas/UTCourses/C
omputerVision/homework/A1/seam_carving/output_images/2.5/im3_rw_200_seams.jpg>]

<../../output_images/2.5/im4_rw_300_original.jpg, id=29, 1027.84pt x 682.55pt>
File: ../../output_images/2.5/im4_rw_300_original.jpg Graphic file (type jpg)

<use ../../output_images/2.5/im4_rw_300_original.jpg>
Package pdftex.def Info: ../../output_images/2.5/im4_rw_300_original.jpg used o
n input line 106.
(pdftex.def)             Requested size: 411.12872pt x 273.01517pt.

<../../output_images/2.5/im4_rw_300_seams.jpg, id=30, 1027.84pt x 682.55pt>
File: ../../output_images/2.5/im4_rw_300_seams.jpg Graphic file (type jpg)

<use ../../output_images/2.5/im4_rw_300_seams.jpg>
Package pdftex.def Info: ../../output_images/2.5/im4_rw_300_seams.jpg used on i
nput line 109.
(pdftex.def)             Requested size: 411.12872pt x 273.01517pt.
 [5 <C:/Users/freya/Desktop/Huihuang_move_to_Qian's_computer/UTexas/UTCourses/C
omputerVision/homework/A1/seam_carving/output_images/2.5/im3_rw_200_resize.jpg>
 <C:/Users/freya/Desktop/Huihuang_move_to_Qian's_computer/UTexas/UTCourses/Comp
uterVision/homework/A1/seam_carving/output_images/2.5/im3_rw_200_seam_reduce.jp
g> <C:/Users/freya/Desktop/Huihuang_move_to_Qian's_computer/UTexas/UTCourses/Co
mputerVision/homework/A1/seam_carving/output_images/2.5/im4_rw_300_original.jpg
>]
<../../output_images/2.5/im4_rw_300_resize.jpg, id=34, 726.715pt x 682.55pt>
File: ../../output_images/2.5/im4_rw_300_resize.jpg Graphic file (type jpg)

<use ../../output_images/2.5/im4_rw_300_resize.jpg>
Package pdftex.def Info: ../../output_images/2.5/im4_rw_300_resize.jpg used on 
input line 112.
(pdftex.def)             Requested size: 290.68085pt x 273.01517pt.

<../../output_images/2.5/im4_rw_300_seam_reduce.jpg, id=35, 726.715pt x 682.55p
t>
File: ../../output_images/2.5/im4_rw_300_seam_reduce.jpg Graphic file (type jpg
)
 <use ../../output_images/2.5/im4_rw_300_seam_reduce.jpg>
Package pdftex.def Info: ../../output_images/2.5/im4_rw_300_seam_reduce.jpg use
d on input line 115.
(pdftex.def)             Requested size: 290.68085pt x 273.01517pt.
 [6 <C:/Users/freya/Desktop/Huihuang_move_to_Qian's_computer/UTexas/UTCourses/C
omputerVision/homework/A1/seam_carving/output_images/2.5/im4_rw_300_seams.jpg> 
<C:/Users/freya/Desktop/Huihuang_move_to_Qian's_computer/UTexas/UTCourses/Compu
terVision/homework/A1/seam_carving/output_images/2.5/im4_rw_300_resize.jpg>]
<../../output_images/2.5/im5_rw_75_original.jpg, id=39, 216.81pt x 233.87375pt>
File: ../../output_images/2.5/im5_rw_75_original.jpg Graphic file (type jpg)
<use ../../output_images/2.5/im5_rw_75_original.jpg>
Package pdftex.def Info: ../../output_images/2.5/im5_rw_75_original.jpg used on
 input line 119.
(pdftex.def)             Requested size: 86.72246pt x 93.54782pt.

<../../output_images/2.5/im5_rw_75_seams.jpg, id=40, 216.81pt x 233.87375pt>
File: ../../output_images/2.5/im5_rw_75_seams.jpg Graphic file (type jpg)

<use ../../output_images/2.5/im5_rw_75_seams.jpg>
Package pdftex.def Info: ../../output_images/2.5/im5_rw_75_seams.jpg used on in
put line 120.
(pdftex.def)             Requested size: 86.72246pt x 93.54782pt.

<../../output_images/2.5/im5_rw_75_resize.jpg, id=41, 141.52875pt x 233.87375pt
>
File: ../../output_images/2.5/im5_rw_75_resize.jpg Graphic file (type jpg)
 <use ../../output_images/2.5/im5_rw_75_resize.jpg>
Package pdftex.def Info: ../../output_images/2.5/im5_rw_75_resize.jpg used on i
nput line 121.
(pdftex.def)             Requested size: 56.61049pt x 93.54782pt.

<../../output_images/2.5/im5_rw_75_seam_reduce.jpg, id=42, 141.52875pt x 233.87
375pt>
File: ../../output_images/2.5/im5_rw_75_seam_reduce.jpg Graphic file (type jpg)

 <use ../../output_images/2.5/im5_rw_75_seam_reduce.jpg>
Package pdftex.def Info: ../../output_images/2.5/im5_rw_75_seam_reduce.jpg used
 on input line 122.
(pdftex.def)             Requested size: 56.61049pt x 93.54782pt.

<../../input_images/im2.jpg, id=43, 555.07375pt x 370.38374pt>
File: ../../input_images/im2.jpg Graphic file (type jpg)

<use ../../input_images/im2.jpg>
Package pdftex.def Info: ../../input_images/im2.jpg used on input line 133.
(pdftex.def)             Requested size: 333.0468pt x 222.23195pt.

<../../output_images/increasePixels/im2_iw_100_seam.jpg, id=44, 655.44875pt x 3
70.38374pt>
File: ../../output_images/increasePixels/im2_iw_100_seam.jpg Graphic file (type
 jpg)
 <use ../../output_images/increasePixels/im2_iw_100_seam.jpg>
Package pdftex.def Info: ../../output_images/increasePixels/im2_iw_100_seam.jpg
 used on input line 134.
(pdftex.def)             Requested size: 393.27228pt x 222.23195pt.

<../../output_images/increasePixels/im2_iw_100_resize.jpg, id=45, 555.07375pt x
 370.38374pt>
File: ../../output_images/increasePixels/im2_iw_100_resize.jpg Graphic file (ty
pe jpg)
 <use ../../output_images/increasePixels/im2_iw_100_resize.jpg>
Package pdftex.def Info: ../../output_images/increasePixels/im2_iw_100_resize.j
pg used on input line 135.
(pdftex.def)             Requested size: 333.0468pt x 222.23195pt.

[7 <C:/Users/freya/Desktop/Huihuang_move_to_Qian's_computer/UTexas/UTCourses/Co
mputerVision/homework/A1/seam_carving/output_images/2.5/im4_rw_300_seam_reduce.
jpg> <C:/Users/freya/Desktop/Huihuang_move_to_Qian's_computer/UTexas/UTCourses/
ComputerVision/homework/A1/seam_carving/output_images/2.5/im5_rw_75_original.jp
g> <C:/Users/freya/Desktop/Huihuang_move_to_Qian's_computer/UTexas/UTCourses/Co
mputerVision/homework/A1/seam_carving/output_images/2.5/im5_rw_75_seams.jpg> <C
:/Users/freya/Desktop/Huihuang_move_to_Qian's_computer/UTexas/UTCourses/Compute
rVision/homework/A1/seam_carving/output_images/2.5/im5_rw_75_resize.jpg> <C:/Us
ers/freya/Desktop/Huihuang_move_to_Qian's_computer/UTexas/UTCourses/ComputerVis
ion/homework/A1/seam_carving/output_images/2.5/im5_rw_75_seam_reduce.jpg>]
[8 <C:/Users/freya/Desktop/Huihuang_move_to_Qian's_computer/UTexas/UTCourses/Co
mputerVision/homework/A1/seam_carving/input_images/im2.jpg> <C:/Users/freya/Des
ktop/Huihuang_move_to_Qian's_computer/UTexas/UTCourses/ComputerVision/homework/
A1/seam_carving/output_images/increasePixels/im2_iw_100_seam.jpg>]
Underfull \hbox (badness 10000) in paragraph at lines 138--139

 []

File: ../../input_images/im2.jpg Graphic file (type jpg)
<use ../../input_images/im2.jpg>
Package pdftex.def Info: ../../input_images/im2.jpg used on input line 143.
(pdftex.def)             Requested size: 333.0468pt x 222.23195pt.
 [9 <C:/Users/freya/Desktop/Huihuang_move_to_Qian's_computer/UTexas/UTCourses/C
omputerVision/homework/A1/seam_carving/output_images/increasePixels/im2_iw_100_
resize.jpg>]
<screenShot.jpg, id=57, 466.74374pt x 309.40594pt>
File: screenShot.jpg Graphic file (type jpg)
 <use screenShot.jpg>
Package pdftex.def Info: screenShot.jpg used on input line 147.
(pdftex.def)             Requested size: 280.0484pt x 185.64499pt.

<../../output_images/removeObject/im2_ro.jpg, id=58, 484.81125pt x 370.38374pt>
File: ../../output_images/removeObject/im2_ro.jpg Graphic file (type jpg)
<use ../../output_images/removeObject/im2_ro.jpg>
Package pdftex.def Info: ../../output_images/removeObject/im2_ro.jpg used on in
put line 151.
(pdftex.def)             Requested size: 290.88899pt x 222.23195pt.
 [10 <C:/Users/freya/Desktop/Huihuang_move_to_Qian's_computer/UTexas/UTCourses/
ComputerVision/homework/A1/seam_carving/tex/file2/screenShot.jpg>]
<../../output_images/removeObject/unnatural_example.jpg, id=62, 720.6925pt x 40
9.53pt>
File: ../../output_images/removeObject/unnatural_example.jpg Graphic file (type
 jpg)
 <use ../../output_images/removeObject/unnatural_example.jpg>
Package pdftex.def Info: ../../output_images/removeObject/unnatural_example.jpg
 used on input line 155.
(pdftex.def)             Requested size: 432.41884pt x 245.7199pt.
 [11 <C:/Users/freya/Desktop/Huihuang_move_to_Qian's_computer/UTexas/UTCourses/
ComputerVision/homework/A1/seam_carving/output_images/removeObject/im2_ro.jpg> 
<C:/Users/freya/Desktop/Huihuang_move_to_Qian's_computer/UTexas/UTCourses/Compu
terVision/homework/A1/seam_carving/output_images/removeObject/unnatural_example
.jpg>]
(C:\Users\freya\Desktop\Huihuang_move_to_Qian's_computer\UTexas\UTCourses\Compu
terVision\homework\A1\seam_carving\tex\file2\file2.aux) ) 
Here is how much of TeX's memory you used:
 2260 strings out of 495354
 31664 string characters out of 3183859
 78857 words of memory out of 3000000
 5407 multiletter control sequences out of 15000+200000
 6410 words of font info for 23 fonts, out of 3000000 for 9000
 14 hyphenation exceptions out of 8191
 27i,5n,24p,857b,186s stack positions out of 5000i,500n,10000p,200000b,50000s
<C:/CTEX/MiKTeX/fonts/
type1/public/amsfonts/cm/cmbx10.pfb><C:/CTEX/MiKTeX/fonts/type1/public/amsfonts
/cm/cmbx12.pfb><C:/CTEX/MiKTeX/fonts/type1/public/amsfonts/cm/cmr10.pfb><C:/CTE
X/MiKTeX/fonts/type1/public/amsfonts/cm/cmti10.pfb>
Output written on file2.pdf (11 pages, 1723143 bytes).
PDF statistics:
 80 PDF objects out of 1000 (max. 8388607)
 0 named destinations out of 1000 (max. 500000)
 131 words of extra memory for PDF output out of 10000 (max. 10000000)

